\BOOKMARK [-1][-]{part.1}{\376\377\000I\000\040\145\366\225\364\136\217\122\027\230\204\131\004\164\006}{}% 1
\BOOKMARK [0][-]{chapter.1}{\376\377\122\033\136\372\145\366\225\364\136\217\122\027}{part.1}% 2
\BOOKMARK [1][-]{section.1.1}{\376\377\166\175\126\152\130\360\171\072\117\213}{chapter.1}% 3
\BOOKMARK [1][-]{section.1.2}{\376\377\142\113\122\250\137\125\121\145}{chapter.1}% 4
\BOOKMARK [2][-]{subsection.1.2.1}{\376\377\167\351\226\065\217\223\121\145}{section.1.2}% 5
\BOOKMARK [2][-]{subsection.1.2.2}{\376\377\210\114\217\223\121\145}{section.1.2}% 6
\BOOKMARK [2][-]{subsection.1.2.3}{\376\377\122\027\217\223\121\145}{section.1.2}% 7
\BOOKMARK [1][-]{section.1.3}{\376\377\145\207\116\366\133\374\121\145}{chapter.1}% 8
\BOOKMARK [1][-]{section.1.4}{\376\377\145\207\116\366\166\204\133\374\121\372}{chapter.1}% 9
\BOOKMARK [1][-]{section.1.5}{\376\377\116\247\165\037\150\067\147\054}{chapter.1}% 10
\BOOKMARK [1][-]{section.1.6}{\376\377\165\037\142\020\145\260\136\217\122\027}{chapter.1}% 11
\BOOKMARK [0][-]{chapter.2}{\376\377\136\217\122\027\166\204\173\200\123\125\176\337\213\241\221\317}{part.1}% 12
\BOOKMARK [0][-]{chapter.3}{\376\377\176\257\226\217\147\072\140\047\150\300\232\214}{part.1}% 13
\BOOKMARK [1][-]{section.3.1}{\376\377\176\257\226\217\147\072\136\217\122\027\166\204\133\232\116\111}{chapter.3}% 14
\BOOKMARK [1][-]{section.3.2}{\376\377\166\175\126\152\130\360\136\217\122\027\166\204\140\047\215\050}{chapter.3}% 15
\BOOKMARK [2][-]{subsection.3.2.1}{\376\377\176\257\226\217\147\072\140\047}{section.3.2}% 16
\BOOKMARK [2][-]{subsection.3.2.2}{\376\377\145\271\135\356\237\120\140\047}{section.3.2}% 17
\BOOKMARK [1][-]{section.3.3}{\376\377\176\257\226\217\147\072\140\047\150\300\232\214}{chapter.3}% 18
\BOOKMARK [2][-]{subsection.3.3.1}{\376\377\120\107\213\276\147\141\116\366}{section.3.3}% 19
\BOOKMARK [2][-]{subsection.3.3.2}{\376\377\150\300\232\214\176\337\213\241\221\317}{section.3.3}% 20
\BOOKMARK [-1][-]{part.2}{\376\377\000I\000I\000\040\136\163\172\063\145\366\225\364\136\217\122\027\122\006\147\220}{}% 21
\BOOKMARK [0][-]{chapter.4}{\376\377\000A\000R\000\040\000m\000o\000d\000e\000l\000s}{part.2}% 22
\BOOKMARK [1][-]{section.4.1}{\376\377\136\372\152\041\164\006\213\272}{chapter.4}% 23
\BOOKMARK [2][-]{subsection.4.1.1}{\376\377\120\117\166\370\121\163\174\373\145\160}{section.4.1}% 24
\BOOKMARK [2][-]{subsection.4.1.2}{\376\377\136\217\215\057\000t\211\304\122\031}{section.4.1}% 25
\BOOKMARK [2][-]{subsection.4.1.3}{\376\377\117\341\140\157\121\306\122\031}{section.4.1}% 26
\BOOKMARK [2][-]{subsection.4.1.4}{\376\377\152\041\127\213\150\300\232\214}{section.4.1}% 27
\BOOKMARK [3][-]{subsubsection.4.1.4.1}{\376\377\153\213\135\356\166\204\166\175\126\152\130\360\150\300\232\214}{subsection.4.1.4}% 28
\BOOKMARK [2][-]{subsection.4.1.5}{\376\377\136\372\152\041\000:\123\302\145\160\117\060\213\241}{section.4.1}% 29
\BOOKMARK [3][-]{subsubsection.4.1.5.1}{\376\377\000y\000u\000l\000e\000-\000w\000a\000l\000k\000e\000r\117\060\213\241}{subsection.4.1.5}% 30
\BOOKMARK [3][-]{subsubsection.4.1.5.2}{\376\377\147\000\134\017\116\214\116\130\117\060\213\241}{subsection.4.1.5}% 31
\BOOKMARK [3][-]{subsubsection.4.1.5.3}{\376\377\147\201\131\047\117\074\161\066\117\060\213\241}{subsection.4.1.5}% 32
\BOOKMARK [1][-]{section.4.2}{\376\377\136\372\152\041\153\145\232\244}{chapter.4}% 33
\BOOKMARK [2][-]{subsection.4.2.1}{\376\377\145\160\143\156\230\204\131\004\164\006}{section.4.2}% 34
\BOOKMARK [3][-]{subsubsection.4.2.1.1}{\376\377\123\326\133\371\145\160}{subsection.4.2.1}% 35
\BOOKMARK [3][-]{subsubsection.4.2.1.2}{\376\377\120\132\135\356\122\006}{subsection.4.2.1}% 36
\BOOKMARK [3][-]{subsubsection.4.2.1.3}{\376\377\177\072\131\061\120\074\143\322\120\074}{subsection.4.2.1}% 37
\BOOKMARK [2][-]{subsection.4.2.2}{\376\377\136\163\172\063\140\047\166\204\122\044\133\232}{section.4.2}% 38
\BOOKMARK [3][-]{subsubsection.4.2.2.1}{\376\377\123\125\117\115\150\071\150\300\232\214}{subsection.4.2.2}% 39
\BOOKMARK [2][-]{subsection.4.2.3}{\376\377\152\041\127\213\220\011\142\351\000:\165\073\145\366\136\217\126\376\000,\000a\000c\000f\000,\000p\000a\000c\000f\000,\117\060\213\241\226\066\145\160}{section.4.2}% 40
\BOOKMARK [2][-]{subsection.4.2.4}{\376\377\152\041\127\213\133\232\226\066\124\214\123\302\145\160\117\060\213\241}{section.4.2}% 41
\BOOKMARK [3][-]{subsubsection.4.2.4.1}{\376\377\121\163\116\216\201\352\122\250\133\232\226\066\000:\000a\000u\000t\000o\000.\000a\000r\000i\000m\000a\000\050\000\051}{subsection.4.2.4}% 42
\BOOKMARK [2][-]{subsection.4.2.5}{\376\377\152\041\127\213\150\300\232\214}{section.4.2}% 43
\BOOKMARK [3][-]{subsubsection.4.2.5.1}{\376\377\153\213\135\356\166\204\166\175\126\152\130\360\150\300\232\214}{subsection.4.2.5}% 44
\BOOKMARK [3][-]{subsubsection.4.2.5.2}{\376\377\137\002\145\271\135\356\150\300\232\214}{subsection.4.2.5}% 45
\BOOKMARK [2][-]{subsection.4.2.6}{\376\377\152\041\127\213\210\150\217\276}{section.4.2}% 46
\BOOKMARK [2][-]{subsection.4.2.7}{\376\377\230\204\155\113}{section.4.2}% 47
\BOOKMARK [1][-]{section.4.3}{\376\377\171\072\117\213\0002}{chapter.4}% 48
\BOOKMARK [1][-]{section.4.4}{\376\377\171\072\117\213\0003}{chapter.4}% 49
\BOOKMARK [0][-]{chapter.5}{\376\377\000M\000A\000\040\000m\000o\000d\000e\000l\000s}{part.2}% 50
\BOOKMARK [1][-]{section.5.1}{\376\377\117\213\133\120}{chapter.5}% 51
\BOOKMARK [1][-]{section.5.2}{\376\377\121\340\116\052\221\315\211\201\166\204\000R\121\375\145\160\000\050\000l\000d\000f\000\040\0002\0003\0006\000\051}{chapter.5}% 52
\BOOKMARK [2][-]{subsection.5.2.1}{\376\377\116\316\201\352\123\117\145\271\135\356\121\375\145\160\122\051\165\050\220\022\143\250\145\271\154\325\117\060\213\241\152\041\127\213\123\302\145\160\166\204\121\375\145\160}{section.5.2}% 53
\BOOKMARK [2][-]{subsection.5.2.2}{\376\377\152\041\142\337\000M\000A\000\040\136\217\122\027\166\204\121\375\145\160}{section.5.2}% 54
\BOOKMARK [2][-]{subsection.5.2.3}{\376\377\176\330\122\066\000M\000A\000\040\164\006\213\272\214\061\133\306\136\246\146\362\176\277\166\204\121\375\145\160}{section.5.2}% 55
\BOOKMARK [0][-]{chapter.6}{\376\377\000A\000R\000M\000A\000\040\000m\000o\000d\000e\000l\000s}{part.2}% 56
\BOOKMARK [1][-]{section.6.1}{\376\377\121\340\116\052\000R\121\375\145\160}{chapter.6}% 57
\BOOKMARK [2][-]{subsection.6.1.1}{\376\377\176\331\133\232\000A\000R\000M\000A\174\373\145\160\166\204\000A\000R\000M\000A\164\006\213\272\214\061}{section.6.1}% 58
\BOOKMARK [2][-]{subsection.6.1.2}{\376\377\152\041\142\337\000A\000R\000M\000A\000\050\000p\000,\000\040\000q\000\051\152\041\127\213}{section.6.1}% 59
\BOOKMARK [2][-]{subsection.6.1.3}{\376\377\000A\000R\000M\000A\152\041\127\213\166\204\000W\000o\000l\000d\174\373\145\160}{section.6.1}% 60
\BOOKMARK [2][-]{subsection.6.1.4}{\376\377\122\051\165\050\000W\000o\000l\000d\134\125\137\000\213\241\173\227\000A\000R\000M\000A\152\041\127\213\166\204\164\006\213\272\201\352\123\117\145\271\135\356\121\375\145\160}{section.6.1}% 61
\BOOKMARK [2][-]{subsection.6.1.5}{\376\377\154\102\211\343\176\331\133\232\201\352\123\117\145\271\135\356\121\375\145\160\166\204\000A\000R\000M\000A\123\302\145\160}{section.6.1}% 62
\BOOKMARK [0][-]{chapter.7}{\376\377\136\372\152\041}{part.2}% 63
\BOOKMARK [-1][-]{part.3}{\376\377\000I\000I\000I\000\040\131\032\121\103\145\366\225\364\136\217\122\027\122\006\147\220}{}% 64
\BOOKMARK [0][-]{chapter.8}{\376\377\123\125\117\115\150\071\150\300\232\214}{part.3}% 65
\BOOKMARK [1][-]{section.8.1}{\376\377\000D\000F\150\300\232\214}{chapter.8}% 66
\BOOKMARK [2][-]{subsection.8.1.1}{\376\377\000D\000F\176\337\213\241\221\317}{section.8.1}% 67
\BOOKMARK [2][-]{subsection.8.1.2}{\376\377\000D\000F\150\300\232\214\166\204\173\111\116\367\210\150\217\276}{section.8.1}% 68
\BOOKMARK [2][-]{subsection.8.1.3}{\376\377\000D\000F\150\300\232\214\166\204\116\011\171\315\174\173\127\213}{section.8.1}% 69
\BOOKMARK [3][-]{subsubsection.8.1.3.1}{\376\377\145\340\157\002\171\373\230\171\201\352\126\336\137\122\217\307\172\013}{subsection.8.1.3}% 70
\BOOKMARK [3][-]{subsubsection.8.1.3.2}{\376\377\136\046\157\002\171\373\230\171\201\352\126\336\137\122\217\307\172\013}{subsection.8.1.3}% 71
\BOOKMARK [3][-]{subsubsection.8.1.3.3}{\376\377\136\046\215\213\122\277\230\171\126\336\137\122\217\307\172\013}{subsection.8.1.3}% 72
\BOOKMARK [2][-]{subsection.8.1.4}{\376\377\000D\000F\150\300\232\214}{section.8.1}% 73
\BOOKMARK [1][-]{section.8.2}{\376\377\000A\000D\000F\150\300\232\214}{chapter.8}% 74
\BOOKMARK [2][-]{subsection.8.2.1}{\376\377\000A\000D\000F\150\300\232\214\166\204\123\237\164\006}{section.8.2}% 75
\BOOKMARK [2][-]{subsection.8.2.2}{\376\377\000A\000D\000F\150\300\232\214\166\204\116\011\171\315\174\173\127\213}{section.8.2}% 76
